[2024-06-17T13:23:44.857+0000] {local_task_job_runner.py:120} INFO - ::group::Pre task execution logs
[2024-06-17T13:23:44.921+0000] {taskinstance.py:2076} INFO - Dependencies all met for dep_context=non-requeueable deps ti=<TaskInstance: Air_pollution_data_pipeline.avg_emission_by_year manual__2024-06-17T13:17:00+00:00 [queued]>
[2024-06-17T13:23:44.941+0000] {taskinstance.py:2076} INFO - Dependencies all met for dep_context=requeueable deps ti=<TaskInstance: Air_pollution_data_pipeline.avg_emission_by_year manual__2024-06-17T13:17:00+00:00 [queued]>
[2024-06-17T13:23:44.942+0000] {taskinstance.py:2306} INFO - Starting attempt 4 of 6
[2024-06-17T13:23:44.970+0000] {taskinstance.py:2330} INFO - Executing <Task(_PythonDecoratedOperator): avg_emission_by_year> on 2024-06-17 13:17:00+00:00
[2024-06-17T13:23:44.981+0000] {standard_task_runner.py:63} INFO - Started process 1203 to run task
[2024-06-17T13:23:44.986+0000] {standard_task_runner.py:90} INFO - Running: ['***', 'tasks', 'run', 'Air_pollution_data_pipeline', 'avg_emission_by_year', 'manual__2024-06-17T13:17:00+00:00', '--job-id', '907', '--raw', '--subdir', 'DAGS_FOLDER/main.py', '--cfg-path', '/tmp/tmpl8rz13sv']
[2024-06-17T13:23:44.990+0000] {standard_task_runner.py:91} INFO - Job 907: Subtask avg_emission_by_year
[2024-06-17T13:23:45.088+0000] {task_command.py:426} INFO - Running <TaskInstance: Air_pollution_data_pipeline.avg_emission_by_year manual__2024-06-17T13:17:00+00:00 [running]> on host fa4d239664b0
[2024-06-17T13:23:45.743+0000] {taskinstance.py:2648} INFO - Exporting env vars: AIRFLOW_CTX_DAG_OWNER='khalid' AIRFLOW_CTX_DAG_ID='Air_pollution_data_pipeline' AIRFLOW_CTX_TASK_ID='avg_emission_by_year' AIRFLOW_CTX_EXECUTION_DATE='2024-06-17T13:17:00+00:00' AIRFLOW_CTX_TRY_NUMBER='4' AIRFLOW_CTX_DAG_RUN_ID='manual__2024-06-17T13:17:00+00:00'
[2024-06-17T13:23:45.745+0000] {taskinstance.py:430} INFO - ::endgroup::
[2024-06-17T13:23:45.747+0000] {summary_analysis.py:37} INFO - starting average pollutants emission calculation
[2024-06-17T13:23:45.865+0000] {logging_mixin.py:188} WARNING - /opt/***/dags/statistical_analysis/summary_analysis.py:40 FutureWarning: Passing literal json to 'read_json' is deprecated and will be removed in a future version. To read from a literal string, wrap it in a 'StringIO' object.
[2024-06-17T13:23:46.704+0000] {summary_analysis.py:45} INFO - successfully calculated average pollutants emission
[2024-06-17T13:23:46.714+0000] {python.py:237} INFO - Done. Returned value was: Index(['Year', 'Nitrogen_oxide_NOx', 'Sulphur_dioxide_SO_emissions',
       'Carbon_monoxide_CO_emissions', 'Organic_carbon_OC_emissions',
       'Non_methane_volatile_organic_compounds_NMVOC_emissions',
       'Black_carbon_BC_emissions', 'Ammonia_NH_emissions'],
      dtype='object')
[2024-06-17T13:23:46.717+0000] {taskinstance.py:441} INFO - ::group::Post task execution logs
[2024-06-17T13:23:46.732+0000] {xcom.py:675} ERROR - Object of type Index is not JSON serializable. If you are using pickle instead of JSON for XCom, then you need to enable pickle support for XCom in your *** config or make sure to decorate your object with attr.
[2024-06-17T13:23:46.735+0000] {taskinstance.py:2905} ERROR - Task failed with exception
Traceback (most recent call last):
  File "/home/airflow/.local/lib/python3.10/site-packages/airflow/utils/json.py", line 91, in default
    return serialize(o)
  File "/home/airflow/.local/lib/python3.10/site-packages/airflow/serialization/serde.py", line 189, in serialize
    raise TypeError(f"cannot serialize object of type {cls}")
TypeError: cannot serialize object of type <class 'pandas.core.indexes.base.Index'>

During handling of the above exception, another exception occurred:

Traceback (most recent call last):
  File "/home/airflow/.local/lib/python3.10/site-packages/airflow/models/taskinstance.py", line 486, in _execute_task
    task_instance.xcom_push(key=XCOM_RETURN_KEY, value=xcom_value, session=session)
  File "/home/airflow/.local/lib/python3.10/site-packages/airflow/utils/session.py", line 76, in wrapper
    return func(*args, **kwargs)
  File "/home/airflow/.local/lib/python3.10/site-packages/airflow/models/taskinstance.py", line 3197, in xcom_push
    XCom.set(
  File "/home/airflow/.local/lib/python3.10/site-packages/airflow/utils/session.py", line 76, in wrapper
    return func(*args, **kwargs)
  File "/home/airflow/.local/lib/python3.10/site-packages/airflow/models/xcom.py", line 246, in set
    value = cls.serialize_value(
  File "/home/airflow/.local/lib/python3.10/site-packages/airflow/models/xcom.py", line 673, in serialize_value
    return json.dumps(value, cls=XComEncoder).encode("UTF-8")
  File "/usr/local/lib/python3.10/json/__init__.py", line 238, in dumps
    **kw).encode(obj)
  File "/home/airflow/.local/lib/python3.10/site-packages/airflow/utils/json.py", line 104, in encode
    return super().encode(o)
  File "/usr/local/lib/python3.10/json/encoder.py", line 199, in encode
    chunks = self.iterencode(o, _one_shot=True)
  File "/usr/local/lib/python3.10/json/encoder.py", line 257, in iterencode
    return _iterencode(o, 0)
  File "/home/airflow/.local/lib/python3.10/site-packages/airflow/utils/json.py", line 93, in default
    return super().default(o)
  File "/usr/local/lib/python3.10/json/encoder.py", line 179, in default
    raise TypeError(f'Object of type {o.__class__.__name__} '
TypeError: Object of type Index is not JSON serializable
[2024-06-17T13:23:46.781+0000] {taskinstance.py:1206} INFO - Marking task as UP_FOR_RETRY. dag_id=Air_pollution_data_pipeline, task_id=avg_emission_by_year, run_id=manual__2024-06-17T13:17:00+00:00, execution_date=20240617T131700, start_date=20240617T132344, end_date=20240617T132346
[2024-06-17T13:23:46.823+0000] {standard_task_runner.py:110} ERROR - Failed to execute job 907 for task avg_emission_by_year (Object of type Index is not JSON serializable; 1203)
[2024-06-17T13:23:46.854+0000] {local_task_job_runner.py:240} INFO - Task exited with return code 1
[2024-06-17T13:23:46.934+0000] {taskinstance.py:3503} INFO - 0 downstream tasks scheduled from follow-on schedule check
[2024-06-17T13:23:46.938+0000] {local_task_job_runner.py:222} INFO - ::endgroup::
